{"D:\\Users\\Andrei_Kotelnikov\\Documents\\vscode\\module_6_11\\credit_card-1lvl\\script\\validate.js": {"path":"D:\\Users\\Andrei_Kotelnikov\\Documents\\vscode\\module_6_11\\credit_card-1lvl\\script\\validate.js","statementMap":{"0":{"start":{"line":2,"column":33},"end":{"line":12,"column":1}},"1":{"start":{"line":3,"column":2},"end":{"line":11,"column":22}},"2":{"start":{"line":5,"column":17},"end":{"line":5,"column":31}},"3":{"start":{"line":7,"column":25},"end":{"line":7,"column":48}},"4":{"start":{"line":9,"column":19},"end":{"line":9,"column":42}},"5":{"start":{"line":10,"column":4},"end":{"line":10,"column":18}},"6":{"start":{"line":11,"column":9},"end":{"line":11,"column":22}},"7":{"start":{"line":15,"column":33},"end":{"line":27,"column":1}},"8":{"start":{"line":16,"column":2},"end":{"line":26,"column":22}},"9":{"start":{"line":18,"column":17},"end":{"line":18,"column":31}},"10":{"start":{"line":20,"column":25},"end":{"line":20,"column":49}},"11":{"start":{"line":22,"column":25},"end":{"line":22,"column":36}},"12":{"start":{"line":24,"column":19},"end":{"line":24,"column":50}},"13":{"start":{"line":25,"column":4},"end":{"line":25,"column":18}},"14":{"start":{"line":26,"column":9},"end":{"line":26,"column":22}},"15":{"start":{"line":30,"column":30},"end":{"line":40,"column":1}},"16":{"start":{"line":31,"column":2},"end":{"line":39,"column":22}},"17":{"start":{"line":33,"column":17},"end":{"line":33,"column":31}},"18":{"start":{"line":35,"column":25},"end":{"line":35,"column":35}},"19":{"start":{"line":37,"column":19},"end":{"line":37,"column":42}},"20":{"start":{"line":38,"column":4},"end":{"line":38,"column":18}},"21":{"start":{"line":39,"column":9},"end":{"line":39,"column":22}}},"fnMap":{"0":{"name":"(anonymous_0)","decl":{"start":{"line":2,"column":33},"end":{"line":2,"column":34}},"loc":{"start":{"line":2,"column":42},"end":{"line":12,"column":1}},"line":2},"1":{"name":"(anonymous_1)","decl":{"start":{"line":15,"column":33},"end":{"line":15,"column":34}},"loc":{"start":{"line":15,"column":42},"end":{"line":27,"column":1}},"line":15},"2":{"name":"(anonymous_2)","decl":{"start":{"line":30,"column":30},"end":{"line":30,"column":31}},"loc":{"start":{"line":30,"column":39},"end":{"line":40,"column":1}},"line":30}},"branchMap":{"0":{"loc":{"start":{"line":3,"column":2},"end":{"line":11,"column":22}},"type":"if","locations":[{"start":{"line":3,"column":2},"end":{"line":11,"column":22}},{"start":{"line":11,"column":9},"end":{"line":11,"column":22}}],"line":3},"1":{"loc":{"start":{"line":16,"column":2},"end":{"line":26,"column":22}},"type":"if","locations":[{"start":{"line":16,"column":2},"end":{"line":26,"column":22}},{"start":{"line":26,"column":9},"end":{"line":26,"column":22}}],"line":16},"2":{"loc":{"start":{"line":31,"column":2},"end":{"line":39,"column":22}},"type":"if","locations":[{"start":{"line":31,"column":2},"end":{"line":39,"column":22}},{"start":{"line":39,"column":9},"end":{"line":39,"column":22}}],"line":31}},"s":{"0":1,"1":5,"2":5,"3":5,"4":5,"5":5,"6":0,"7":1,"8":5,"9":4,"10":4,"11":4,"12":4,"13":4,"14":1,"15":1,"16":6,"17":5,"18":5,"19":5,"20":5,"21":1},"f":{"0":5,"1":5,"2":6},"b":{"0":[5,0],"1":[4,1],"2":[5,1]},"_coverageSchema":"1a1c01bbd47fc00a2c39e90264f33305004495a9","hash":"df7b5abf231a3d14c640652a2104b91c12c7a561"}
}
